\BOOKMARK [0][-]{chapter.1}{\376\377\0001\000\040\000l\000b\0003}{}% 1
\BOOKMARK [0][-]{chapter.2}{\376\377\0002\000\040\004\041\004\077\004\070\004\101\004\076\004\072\000\040\004\102\004\065\004\101\004\102\004\076\004\062}{}% 2
\BOOKMARK [0][-]{chapter.3}{\376\377\0003\000\040\004\030\004\065\004\100\004\060\004\100\004\105\004\070\004\107\004\065\004\101\004\072\004\070\004\071\000\040\004\101\004\077\004\070\004\101\004\076\004\072\000\040\004\072\004\073\004\060\004\101\004\101\004\076\004\062}{}% 3
\BOOKMARK [1][-]{section.3.1}{\376\377\0003\000.\0001\000\040\004\030\004\065\004\100\004\060\004\100\004\105\004\070\004\117\000\040\004\072\004\073\004\060\004\101\004\101\004\076\004\062}{chapter.3}% 4
\BOOKMARK [0][-]{chapter.4}{\376\377\0004\000\040\004\020\004\073\004\104\004\060\004\062\004\070\004\102\004\075\004\113\004\071\000\040\004\103\004\072\004\060\004\067\004\060\004\102\004\065\004\073\004\114\000\040\004\072\004\073\004\060\004\101\004\101\004\076\004\062}{}% 5
\BOOKMARK [1][-]{section.4.1}{\376\377\0004\000.\0001\000\040\004\032\004\073\004\060\004\101\004\101\004\113}{chapter.4}% 6
\BOOKMARK [0][-]{chapter.5}{\376\377\0005\000\040\004\041\004\077\004\070\004\101\004\076\004\072\000\040\004\104\004\060\004\071\004\073\004\076\004\062}{}% 7
\BOOKMARK [1][-]{section.5.1}{\376\377\0005\000.\0001\000\040\004\044\004\060\004\071\004\073\004\113}{chapter.5}% 8
\BOOKMARK [0][-]{chapter.6}{\376\377\0006\000\040\004\032\004\073\004\060\004\101\004\101\004\113}{}% 9
\BOOKMARK [1][-]{section.6.1}{\376\377\0006\000.\0001\000\040\004\032\004\073\004\060\004\101\004\101\000\040\000c\000i\000p\000h\000e\000r\000\137\000e\000r\000r\000o\000r}{chapter.6}% 10
\BOOKMARK [2][-]{subsection.6.1.1}{\376\377\0006\000.\0001\000.\0001\000\040\004\037\004\076\004\064\004\100\004\076\004\061\004\075\004\076\004\065\000\040\004\076\004\077\004\070\004\101\004\060\004\075\004\070\004\065}{section.6.1}% 11
\BOOKMARK [2][-]{subsection.6.1.2}{\376\377\0006\000.\0001\000.\0002\000\040\004\032\004\076\004\075\004\101\004\102\004\100\004\103\004\072\004\102\004\076\004\100\000\050\004\113\000\051}{section.6.1}% 12
\BOOKMARK [3][-]{subsubsection.6.1.2.1}{\376\377\0006\000.\0001\000.\0002\000.\0001\000\040\000c\000i\000p\000h\000e\000r\000\137\000e\000r\000r\000o\000r\000\050\000\051\000\040\000[\0001\000/\0004\000]}{subsection.6.1.2}% 13
\BOOKMARK [3][-]{subsubsection.6.1.2.2}{\376\377\0006\000.\0001\000.\0002\000.\0002\000\040\000c\000i\000p\000h\000e\000r\000\137\000e\000r\000r\000o\000r\000\050\000\051\000\040\000[\0002\000/\0004\000]}{subsection.6.1.2}% 14
\BOOKMARK [3][-]{subsubsection.6.1.2.3}{\376\377\0006\000.\0001\000.\0002\000.\0003\000\040\000c\000i\000p\000h\000e\000r\000\137\000e\000r\000r\000o\000r\000\050\000\051\000\040\000[\0003\000/\0004\000]}{subsection.6.1.2}% 15
\BOOKMARK [3][-]{subsubsection.6.1.2.4}{\376\377\0006\000.\0001\000.\0002\000.\0004\000\040\000c\000i\000p\000h\000e\000r\000\137\000e\000r\000r\000o\000r\000\050\000\051\000\040\000[\0004\000/\0004\000]}{subsection.6.1.2}% 16
\BOOKMARK [1][-]{section.6.2}{\376\377\0006\000.\0002\000\040\004\032\004\073\004\060\004\101\004\101\000\040\000c\000o\000d\000e}{chapter.6}% 17
\BOOKMARK [2][-]{subsection.6.2.1}{\376\377\0006\000.\0002\000.\0001\000\040\004\037\004\076\004\064\004\100\004\076\004\061\004\075\004\076\004\065\000\040\004\076\004\077\004\070\004\101\004\060\004\075\004\070\004\065}{section.6.2}% 18
\BOOKMARK [2][-]{subsection.6.2.2}{\376\377\0006\000.\0002\000.\0002\000\040\004\032\004\076\004\075\004\101\004\102\004\100\004\103\004\072\004\102\004\076\004\100\000\050\004\113\000\051}{section.6.2}% 19
\BOOKMARK [3][-]{subsubsection.6.2.2.1}{\376\377\0006\000.\0002\000.\0002\000.\0001\000\040\000c\000o\000d\000e\000\050\000\051\000\040\000[\0001\000/\0002\000]}{subsection.6.2.2}% 20
\BOOKMARK [3][-]{subsubsection.6.2.2.2}{\376\377\0006\000.\0002\000.\0002\000.\0002\000\040\000c\000o\000d\000e\000\050\000\051\000\040\000[\0002\000/\0002\000]}{subsection.6.2.2}% 21
\BOOKMARK [2][-]{subsection.6.2.3}{\376\377\0006\000.\0002\000.\0003\000\040\004\034\004\065\004\102\004\076\004\064\004\113}{section.6.2}% 22
\BOOKMARK [3][-]{subsubsection.6.2.3.1}{\376\377\0006\000.\0002\000.\0003\000.\0001\000\040\000e\000n\000c\000r\000y\000p\000t\000i\000o\000n\000\050\000\051}{subsection.6.2.3}% 23
\BOOKMARK [3][-]{subsubsection.6.2.3.2}{\376\377\0006\000.\0002\000.\0003\000.\0002\000\040\000g\000e\000t\000V\000a\000l\000i\000d\000C\000i\000p\000h\000e\000r\000T\000e\000x\000t\000\050\000\051}{subsection.6.2.3}% 24
\BOOKMARK [3][-]{subsubsection.6.2.3.3}{\376\377\0006\000.\0002\000.\0003\000.\0003\000\040\000g\000e\000t\000V\000a\000l\000i\000d\000K\000e\000y\000\050\000\051}{subsection.6.2.3}% 25
\BOOKMARK [3][-]{subsubsection.6.2.3.4}{\376\377\0006\000.\0002\000.\0003\000.\0004\000\040\000g\000e\000t\000V\000a\000l\000i\000d\000O\000p\000e\000n\000T\000e\000x\000t\000\050\000\051}{subsection.6.2.3}% 26
\BOOKMARK [3][-]{subsubsection.6.2.3.5}{\376\377\0006\000.\0002\000.\0003\000.\0005\000\040\000t\000r\000a\000n\000s\000c\000r\000i\000p\000t\000\050\000\051}{subsection.6.2.3}% 27
\BOOKMARK [2][-]{subsection.6.2.4}{\376\377\0006\000.\0002\000.\0004\000\040\004\024\004\060\004\075\004\075\004\113\004\065\000\040\004\072\004\073\004\060\004\101\004\101\004\060}{section.6.2}% 28
\BOOKMARK [3][-]{subsubsection.6.2.4.1}{\376\377\0006\000.\0002\000.\0004\000.\0001\000\040\000k\000e\000y}{subsection.6.2.4}% 29
\BOOKMARK [1][-]{section.6.3}{\376\377\0006\000.\0003\000\040\004\032\004\073\004\060\004\101\004\101\000\040\000m\000o\000d\000A\000l\000p\000h\000a\000C\000i\000p\000h\000e\000r}{chapter.6}% 30
\BOOKMARK [2][-]{subsection.6.3.1}{\376\377\0006\000.\0003\000.\0001\000\040\004\037\004\076\004\064\004\100\004\076\004\061\004\075\004\076\004\065\000\040\004\076\004\077\004\070\004\101\004\060\004\075\004\070\004\065}{section.6.3}% 31
\BOOKMARK [2][-]{subsection.6.3.2}{\376\377\0006\000.\0003\000.\0002\000\040\004\032\004\076\004\075\004\101\004\102\004\100\004\103\004\072\004\102\004\076\004\100\000\050\004\113\000\051}{section.6.3}% 32
\BOOKMARK [3][-]{subsubsection.6.3.2.1}{\376\377\0006\000.\0003\000.\0002\000.\0001\000\040\000m\000o\000d\000A\000l\000p\000h\000a\000C\000i\000p\000h\000e\000r\000\050\000\051\000\040\000[\0001\000/\0002\000]}{subsection.6.3.2}% 33
\BOOKMARK [3][-]{subsubsection.6.3.2.2}{\376\377\0006\000.\0003\000.\0002\000.\0002\000\040\000m\000o\000d\000A\000l\000p\000h\000a\000C\000i\000p\000h\000e\000r\000\050\000\051\000\040\000[\0002\000/\0002\000]}{subsection.6.3.2}% 34
\BOOKMARK [2][-]{subsection.6.3.3}{\376\377\0006\000.\0003\000.\0003\000\040\004\034\004\065\004\102\004\076\004\064\004\113}{section.6.3}% 35
\BOOKMARK [3][-]{subsubsection.6.3.3.1}{\376\377\0006\000.\0003\000.\0003\000.\0001\000\040\000c\000o\000n\000v\000e\000r\000t\000\050\000\051\000\040\000[\0001\000/\0002\000]}{subsection.6.3.3}% 36
\BOOKMARK [3][-]{subsubsection.6.3.3.2}{\376\377\0006\000.\0003\000.\0003\000.\0002\000\040\000c\000o\000n\000v\000e\000r\000t\000\050\000\051\000\040\000[\0002\000/\0002\000]}{subsection.6.3.3}% 37
\BOOKMARK [3][-]{subsubsection.6.3.3.3}{\376\377\0006\000.\0003\000.\0003\000.\0003\000\040\000d\000e\000c\000r\000y\000p\000t\000\050\000\051}{subsection.6.3.3}% 38
\BOOKMARK [3][-]{subsubsection.6.3.3.4}{\376\377\0006\000.\0003\000.\0003\000.\0004\000\040\000e\000n\000c\000r\000y\000p\000t\000\050\000\051}{subsection.6.3.3}% 39
\BOOKMARK [3][-]{subsubsection.6.3.3.5}{\376\377\0006\000.\0003\000.\0003\000.\0005\000\040\000g\000e\000t\000V\000a\000l\000i\000d\000C\000i\000p\000h\000e\000r\000T\000e\000x\000t\000\050\000\051}{subsection.6.3.3}% 40
\BOOKMARK [3][-]{subsubsection.6.3.3.6}{\376\377\0006\000.\0003\000.\0003\000.\0006\000\040\000g\000e\000t\000V\000a\000l\000i\000d\000K\000e\000y\000\050\000\051}{subsection.6.3.3}% 41
\BOOKMARK [3][-]{subsubsection.6.3.3.7}{\376\377\0006\000.\0003\000.\0003\000.\0007\000\040\000g\000e\000t\000V\000a\000l\000i\000d\000O\000p\000e\000n\000T\000e\000x\000t\000\050\000\051}{subsection.6.3.3}% 42
\BOOKMARK [2][-]{subsection.6.3.4}{\376\377\0006\000.\0003\000.\0004\000\040\004\024\004\060\004\075\004\075\004\113\004\065\000\040\004\072\004\073\004\060\004\101\004\101\004\060}{section.6.3}% 43
\BOOKMARK [3][-]{subsubsection.6.3.4.1}{\376\377\0006\000.\0003\000.\0004\000.\0001\000\040\000a\000l\000p\000h\000a\000N\000u\000m}{subsection.6.3.4}% 44
\BOOKMARK [3][-]{subsubsection.6.3.4.2}{\376\377\0006\000.\0003\000.\0004\000.\0002\000\040\000k\000e\000y}{subsection.6.3.4}% 45
\BOOKMARK [3][-]{subsubsection.6.3.4.3}{\376\377\0006\000.\0003\000.\0004\000.\0003\000\040\000n\000u\000m\000A\000l\000p\000h\000a}{subsection.6.3.4}% 46
\BOOKMARK [1][-]{section.6.4}{\376\377\0006\000.\0004\000\040\004\041\004\102\004\100\004\103\004\072\004\102\004\103\004\100\004\060\000\040\000S\000i\000m\000p\000l\000e\000F\000i\000x\000t\000u\000r\000e}{chapter.6}% 47
\BOOKMARK [2][-]{subsection.6.4.1}{\376\377\0006\000.\0004\000.\0001\000\040\004\037\004\076\004\064\004\100\004\076\004\061\004\075\004\076\004\065\000\040\004\076\004\077\004\070\004\101\004\060\004\075\004\070\004\065}{section.6.4}% 48
\BOOKMARK [2][-]{subsection.6.4.2}{\376\377\0006\000.\0004\000.\0002\000\040\004\032\004\076\004\075\004\101\004\102\004\100\004\103\004\072\004\102\004\076\004\100\000\050\004\113\000\051}{section.6.4}% 49
\BOOKMARK [3][-]{subsubsection.6.4.2.1}{\376\377\0006\000.\0004\000.\0002\000.\0001\000\040\000S\000i\000m\000p\000l\000e\000F\000i\000x\000t\000u\000r\000e\000\050\000\051}{subsection.6.4.2}% 50
\BOOKMARK [3][-]{subsubsection.6.4.2.2}{\376\377\0006\000.\0004\000.\0002\000.\0002\000\040\000~\000S\000i\000m\000p\000l\000e\000F\000i\000x\000t\000u\000r\000e\000\050\000\051}{subsection.6.4.2}% 51
\BOOKMARK [2][-]{subsection.6.4.3}{\376\377\0006\000.\0004\000.\0003\000\040\004\024\004\060\004\075\004\075\004\113\004\065\000\040\004\072\004\073\004\060\004\101\004\101\004\060}{section.6.4}% 52
\BOOKMARK [3][-]{subsubsection.6.4.3.1}{\376\377\0006\000.\0004\000.\0003\000.\0001\000\040\000p}{subsection.6.4.3}% 53
\BOOKMARK [0][-]{chapter.7}{\376\377\0007\000\040\004\044\004\060\004\071\004\073\004\113}{}% 54
\BOOKMARK [1][-]{section.7.1}{\376\377\0007\000.\0001\000\040\004\044\004\060\004\071\004\073\000\040\0001\000/\000m\000a\000i\000n\000.\000c\000p\000p}{chapter.7}% 55
\BOOKMARK [2][-]{subsection.7.1.1}{\376\377\0007\000.\0001\000.\0001\000\040\004\037\004\076\004\064\004\100\004\076\004\061\004\075\004\076\004\065\000\040\004\076\004\077\004\070\004\101\004\060\004\075\004\070\004\065}{section.7.1}% 56
\BOOKMARK [2][-]{subsection.7.1.2}{\376\377\0007\000.\0001\000.\0002\000\040\004\044\004\103\004\075\004\072\004\106\004\070\004\070}{section.7.1}% 57
\BOOKMARK [3][-]{subsubsection.7.1.2.1}{\376\377\0007\000.\0001\000.\0002\000.\0001\000\040\000m\000a\000i\000n\000\050\000\051}{subsection.7.1.2}% 58
\BOOKMARK [3][-]{subsubsection.7.1.2.2}{\376\377\0007\000.\0001\000.\0002\000.\0002\000\040\000S\000U\000I\000T\000E\000\050\000\051\000\040\000[\0001\000/\0003\000]}{subsection.7.1.2}% 59
\BOOKMARK [3][-]{subsubsection.7.1.2.3}{\376\377\0007\000.\0001\000.\0002\000.\0003\000\040\000S\000U\000I\000T\000E\000\050\000\051\000\040\000[\0002\000/\0003\000]}{subsection.7.1.2}% 60
\BOOKMARK [3][-]{subsubsection.7.1.2.4}{\376\377\0007\000.\0001\000.\0002\000.\0004\000\040\000S\000U\000I\000T\000E\000\050\000\051\000\040\000[\0003\000/\0003\000]}{subsection.7.1.2}% 61
\BOOKMARK [1][-]{section.7.2}{\376\377\0007\000.\0002\000\040\004\044\004\060\004\071\004\073\000\040\0002\000/\000m\000a\000i\000n\000.\000c\000p\000p}{chapter.7}% 62
\BOOKMARK [2][-]{subsection.7.2.1}{\376\377\0007\000.\0002\000.\0001\000\040\004\037\004\076\004\064\004\100\004\076\004\061\004\075\004\076\004\065\000\040\004\076\004\077\004\070\004\101\004\060\004\075\004\070\004\065}{section.7.2}% 63
\BOOKMARK [2][-]{subsection.7.2.2}{\376\377\0007\000.\0002\000.\0002\000\040\004\044\004\103\004\075\004\072\004\106\004\070\004\070}{section.7.2}% 64
\BOOKMARK [3][-]{subsubsection.7.2.2.1}{\376\377\0007\000.\0002\000.\0002\000.\0001\000\040\000S\000U\000I\000T\000E\000\050\000\051}{subsection.7.2.2}% 65
\BOOKMARK [1][-]{section.7.3}{\376\377\0007\000.\0003\000\040\004\044\004\060\004\071\004\073\000\040\0001\000/\000m\000o\000d\000A\000l\000p\000h\000a\000C\000i\000p\000h\000e\000r\000.\000c\000p\000p}{chapter.7}% 66
\BOOKMARK [2][-]{subsection.7.3.1}{\376\377\0007\000.\0003\000.\0001\000\040\004\037\004\076\004\064\004\100\004\076\004\061\004\075\004\076\004\065\000\040\004\076\004\077\004\070\004\101\004\060\004\075\004\070\004\065}{section.7.3}% 67
\BOOKMARK [2][-]{subsection.7.3.2}{\376\377\0007\000.\0003\000.\0002\000\040\004\037\004\065\004\100\004\065\004\074\004\065\004\075\004\075\004\113\004\065}{section.7.3}% 68
\BOOKMARK [3][-]{subsubsection.7.3.2.1}{\376\377\0007\000.\0003\000.\0002\000.\0001\000\040\000c\000o\000d\000e\000c}{subsection.7.3.2}% 69
\BOOKMARK [1][-]{section.7.4}{\376\377\0007\000.\0004\000\040\004\044\004\060\004\071\004\073\000\040\0001\000/\000m\000o\000d\000A\000l\000p\000h\000a\000C\000i\000p\000h\000e\000r\000.\000h}{chapter.7}% 70
\BOOKMARK [1][-]{section.7.5}{\376\377\0007\000.\0005\000\040\000m\000o\000d\000A\000l\000p\000h\000a\000C\000i\000p\000h\000e\000r\000.\000h}{chapter.7}% 71
\BOOKMARK [1][-]{section.7.6}{\376\377\0007\000.\0006\000\040\004\044\004\060\004\071\004\073\000\040\0002\000/\000r\000o\000u\000t\000e\000.\000c\000p\000p}{chapter.7}% 72
\BOOKMARK [2][-]{subsection.7.6.1}{\376\377\0007\000.\0006\000.\0001\000\040\004\037\004\076\004\064\004\100\004\076\004\061\004\075\004\076\004\065\000\040\004\076\004\077\004\070\004\101\004\060\004\075\004\070\004\065}{section.7.6}% 73
\BOOKMARK [1][-]{section.7.7}{\376\377\0007\000.\0007\000\040\004\044\004\060\004\071\004\073\000\040\0002\000/\000r\000o\000u\000t\000e\000.\000h}{chapter.7}% 74
\BOOKMARK [2][-]{subsection.7.7.1}{\376\377\0007\000.\0007\000.\0001\000\040\004\037\004\076\004\064\004\100\004\076\004\061\004\075\004\076\004\065\000\040\004\076\004\077\004\070\004\101\004\060\004\075\004\070\004\065}{section.7.7}% 75
\BOOKMARK [1][-]{section.7.8}{\376\377\0007\000.\0008\000\040\000r\000o\000u\000t\000e\000.\000h}{chapter.7}% 76
\BOOKMARK [1][-]{section.7.9}{\376\377\0007\000.\0009\000\040\004\044\004\060\004\071\004\073\000\040\000R\000E\000A\000D\000M\000E\000.\000m\000d}{chapter.7}% 77
\BOOKMARK [0][-]{section*.27}{\376\377\004\037\004\100\004\065\004\064\004\074\004\065\004\102\004\075\004\113\004\071\000\040\004\103\004\072\004\060\004\067\004\060\004\102\004\065\004\073\004\114}{}% 78
